<?xml version="1.0" encoding="UTF-8"?>
<!-- Generated by org.testng.reporters.JUnitXMLReporter -->
<testsuite ignored="0" hostname="farhana2022" failures="1" tests="4" name="Test" time="54.06" errors="0" timestamp="2023-02-02T19:27:44 CST">
  <testcase classname="test.AlertHandlingTest" name="alertHandling" time="2.891"/>
  <testcase classname="test.LoginTest" name="login" time="4.526"/>
  <testcase classname="test.LoginTest" name="login" time="14.164"/>
  <testcase classname="test.FailureTest" name="failure" time="8.721">
    <failure type="java.lang.AssertionError" message="expected [true] but found [false]">
      <![CDATA[java.lang.AssertionError: expected [true] but found [false]
at test.FailureTest.failure(FailureTest.java:24)
at java.base/java.util.ArrayList.forEach(ArrayList.java:1511)
... Removed 31 stack frames]]>
    </failure>
  </testcase> <!-- failure -->
</testsuite> <!-- Test -->
